2024-07-08 16:18:38 Running Task loop_lit.cggmp2005_variant Round 0
2024-07-08 16:18:38 Running Task loop_lit.css2003 Round 0
2024-07-08 16:18:38 Running Task loop_lit.gcnr2008 Round 0
2024-07-08 16:18:38 Running Task loop_lit.gj2007 Round 0
2024-07-08 16:18:38 Running Task loop_lit.gj2007b Round 0
2024-07-08 16:18:38 Running Task loop_lit.gr2006 Round 0
2024-07-08 16:18:38 Running Task loop_lit.hhk2008 Round 0
2024-07-08 16:18:38 Running Task loop_lit.jm2006 Round 0
2024-07-08 16:18:38 Running Task loop_lit.jm2006_variant Round 0
2024-07-08 16:18:38 Running Task loop_zilu.benchmark01_conjunctive Round 0
2024-07-08 16:24:52 Running Task loop_lit.cggmp2005_variant Round 0
2024-07-08 16:24:52 Running Task loop_lit.css2003 Round 0
2024-07-08 16:24:52 Running Task loop_lit.gcnr2008 Round 0
2024-07-08 16:24:52 Running Task loop_lit.gj2007 Round 0
2024-07-08 16:24:52 Running Task loop_lit.gj2007b Round 0
2024-07-08 16:24:53 Running Task loop_lit.gr2006 Round 0
2024-07-08 16:24:53 Running Task loop_lit.hhk2008 Round 0
2024-07-08 16:24:53 Running Task loop_lit.jm2006 Round 0
2024-07-08 16:24:53 Running Task loop_lit.jm2006_variant Round 0
2024-07-08 16:24:53 Running Task loop_zilu.benchmark01_conjunctive Round 0
2024-07-08 16:25:14 Task loop_zilu.benchmark01_conjunctive Round 0 completed successfully
2024-07-08 16:25:14 Running Task loop_zilu.benchmark04_conjunctive Round 0
